++++++++++++++++++++++++++++++++++++++++++++++++++++++++++++++
+
+ THIS OUTPUT IS THE RESULT OF THE FOLLOWING COMMAND-LINE:
+
+    ./bfs torus6x6.g v2_2 
+
++++++++++++++++++++++++++++++++++++++++++++++++++++++++++++++


< BEGIN ADJACENCY-LIST:

        [ OMITTED -- BIG GRAPH! ]

END ADJACENCY LIST >


BFS REPORT:

v0_0 : dist=4 ; pred=v0_1 ; state='d'; npaths=6
     PATH: <v2_2 v1_2 v0_2 v0_1 v0_0>
v5_0 : dist=5 ; pred=v5_1 ; state='d'; npaths=20
     PATH: <v2_2 v1_2 v0_2 v5_2 v5_1 v5_0>
v1_0 : dist=3 ; pred=v1_1 ; state='d'; npaths=3
     PATH: <v2_2 v1_2 v1_1 v1_0>
v0_1 : dist=3 ; pred=v0_2 ; state='d'; npaths=3
     PATH: <v2_2 v1_2 v0_2 v0_1>
v0_5 : dist=5 ; pred=v0_4 ; state='d'; npaths=20
     PATH: <v2_2 v1_2 v0_2 v0_3 v0_4 v0_5>
v5_1 : dist=4 ; pred=v5_2 ; state='d'; npaths=8
     PATH: <v2_2 v1_2 v0_2 v5_2 v5_1>
v1_1 : dist=2 ; pred=v1_2 ; state='d'; npaths=2
     PATH: <v2_2 v1_2 v1_1>
v0_2 : dist=2 ; pred=v1_2 ; state='d'; npaths=1
     PATH: <v2_2 v1_2 v0_2>
v5_2 : dist=3 ; pred=v0_2 ; state='d'; npaths=2
     PATH: <v2_2 v1_2 v0_2 v5_2>
v1_2 : dist=1 ; pred=v2_2 ; state='d'; npaths=1
     PATH: <v2_2 v1_2>
v0_3 : dist=3 ; pred=v0_2 ; state='d'; npaths=3
     PATH: <v2_2 v1_2 v0_2 v0_3>
v5_3 : dist=4 ; pred=v5_2 ; state='d'; npaths=8
     PATH: <v2_2 v1_2 v0_2 v5_2 v5_3>
v1_3 : dist=2 ; pred=v1_2 ; state='d'; npaths=2
     PATH: <v2_2 v1_2 v1_3>
v0_4 : dist=4 ; pred=v0_3 ; state='d'; npaths=6
     PATH: <v2_2 v1_2 v0_2 v0_3 v0_4>
v5_4 : dist=5 ; pred=v5_3 ; state='d'; npaths=20
     PATH: <v2_2 v1_2 v0_2 v5_2 v5_3 v5_4>
v1_4 : dist=3 ; pred=v1_3 ; state='d'; npaths=3
     PATH: <v2_2 v1_2 v1_3 v1_4>
v5_5 : dist=6 ; pred=v5_4 ; state='d'; npaths=80
     PATH: <v2_2 v1_2 v0_2 v5_2 v5_3 v5_4 v5_5>
v1_5 : dist=4 ; pred=v1_4 ; state='d'; npaths=8
     PATH: <v2_2 v1_2 v1_3 v1_4 v1_5>
v2_0 : dist=2 ; pred=v2_1 ; state='d'; npaths=1
     PATH: <v2_2 v2_1 v2_0>
v2_1 : dist=1 ; pred=v2_2 ; state='d'; npaths=1
     PATH: <v2_2 v2_1>
v2_2 : dist=0 ; pred=v2_2 ; state='d'; npaths=1
     PATH: <v2_2>
v2_3 : dist=1 ; pred=v2_2 ; state='d'; npaths=1
     PATH: <v2_2 v2_3>
v2_4 : dist=2 ; pred=v2_3 ; state='d'; npaths=1
     PATH: <v2_2 v2_3 v2_4>
v2_5 : dist=3 ; pred=v2_4 ; state='d'; npaths=2
     PATH: <v2_2 v2_3 v2_4 v2_5>
v3_0 : dist=3 ; pred=v3_1 ; state='d'; npaths=3
     PATH: <v2_2 v3_2 v3_1 v3_0>
v3_1 : dist=2 ; pred=v3_2 ; state='d'; npaths=2
     PATH: <v2_2 v3_2 v3_1>
v3_2 : dist=1 ; pred=v2_2 ; state='d'; npaths=1
     PATH: <v2_2 v3_2>
v3_3 : dist=2 ; pred=v3_2 ; state='d'; npaths=2
     PATH: <v2_2 v3_2 v3_3>
v3_4 : dist=3 ; pred=v3_3 ; state='d'; npaths=3
     PATH: <v2_2 v3_2 v3_3 v3_4>
v3_5 : dist=4 ; pred=v3_4 ; state='d'; npaths=8
     PATH: <v2_2 v3_2 v3_3 v3_4 v3_5>
v4_0 : dist=4 ; pred=v4_1 ; state='d'; npaths=6
     PATH: <v2_2 v3_2 v4_2 v4_1 v4_0>
v4_1 : dist=3 ; pred=v4_2 ; state='d'; npaths=3
     PATH: <v2_2 v3_2 v4_2 v4_1>
v4_2 : dist=2 ; pred=v3_2 ; state='d'; npaths=1
     PATH: <v2_2 v3_2 v4_2>
v4_3 : dist=3 ; pred=v4_2 ; state='d'; npaths=3
     PATH: <v2_2 v3_2 v4_2 v4_3>
v4_4 : dist=4 ; pred=v4_3 ; state='d'; npaths=6
     PATH: <v2_2 v3_2 v4_2 v4_3 v4_4>
v4_5 : dist=5 ; pred=v4_4 ; state='d'; npaths=20
     PATH: <v2_2 v3_2 v4_2 v4_3 v4_4 v4_5>

END BFS REPORT

