++++++++++++++++++++++++++++++++++++++++++++++++++++++++++++++
+
+ THIS OUTPUT IS THE RESULT OF THE FOLLOWING COMMAND-LINE:
+
+    ./epaths chain20.g v9 
+
++++++++++++++++++++++++++++++++++++++++++++++++++++++++++++++


< BEGIN ADJACENCY-LIST:

v1 : (v2, 4) (v3, 4) (v5, 9) (v9, 9) (v17, 9) 
v2 : (v3, 2) (v4, 9) (v6, 1) (v10, 5) (v18, 5) 
v3 : (v4, 3) (v5, 1) (v7, 6) (v11, 1) (v19, 5) 
v5 : (v6, 9) (v7, 1) (v9, 1) (v13, 8) 
v9 : (v10, 5) (v11, 6) (v13, 7) (v17, 9) 
v17 : (v18, 3) (v19, 9) 
v4 : (v5, 5) (v6, 9) (v8, 1) (v12, 6) (v20, 8) 
v6 : (v7, 2) (v8, 7) (v10, 4) (v14, 6) 
v10 : (v11, 4) (v12, 7) (v14, 9) (v18, 7) 
v18 : (v19, 7) (v20, 8) 
v7 : (v8, 8) (v9, 3) (v11, 8) (v15, 4) 
v11 : (v12, 3) (v13, 7) (v15, 5) (v19, 1) 
v19 : (v20, 9) 
v8 : (v9, 6) (v10, 1) (v12, 1) (v16, 9) 
v12 : (v13, 5) (v14, 4) (v16, 2) (v20, 7) 
v20 : 
v13 : (v14, 5) (v15, 8) (v17, 8) 
v14 : (v15, 4) (v16, 9) (v18, 3) 
v15 : (v16, 3) (v17, 9) (v19, 9) 
v16 : (v17, 8) (v18, 8) (v20, 5) 

END ADJACENCY LIST >


INPUT PATHS ENDING AT v9 (paths may be listed in alternate orders)

v1 v9
v1 v5 v9
v1 v3 v5 v9
v1 v2 v3 v5 v9
v1 v2 v4 v5 v9
v1 v3 v4 v5 v9
v1 v2 v3 v4 v5 v9
v1 v3 v7 v9
v1 v2 v3 v7 v9
v1 v5 v7 v9
v1 v3 v5 v7 v9
v1 v2 v3 v5 v7 v9
v1 v2 v4 v5 v7 v9
v1 v3 v4 v5 v7 v9
v1 v2 v3 v4 v5 v7 v9
v1 v2 v6 v7 v9
v1 v2 v4 v6 v7 v9
v1 v3 v4 v6 v7 v9
v1 v2 v3 v4 v6 v7 v9
v1 v5 v6 v7 v9
v1 v3 v5 v6 v7 v9
v1 v2 v3 v5 v6 v7 v9
v1 v2 v4 v5 v6 v7 v9
v1 v3 v4 v5 v6 v7 v9
v1 v2 v3 v4 v5 v6 v7 v9
v1 v2 v4 v8 v9
v1 v3 v4 v8 v9
v1 v2 v3 v4 v8 v9
v1 v2 v6 v8 v9
v1 v2 v4 v6 v8 v9
v1 v3 v4 v6 v8 v9
v1 v2 v3 v4 v6 v8 v9
v1 v5 v6 v8 v9
v1 v3 v5 v6 v8 v9
v1 v2 v3 v5 v6 v8 v9
v1 v2 v4 v5 v6 v8 v9
v1 v3 v4 v5 v6 v8 v9
v1 v2 v3 v4 v5 v6 v8 v9
v1 v3 v7 v8 v9
v1 v2 v3 v7 v8 v9
v1 v5 v7 v8 v9
v1 v3 v5 v7 v8 v9
v1 v2 v3 v5 v7 v8 v9
v1 v2 v4 v5 v7 v8 v9
v1 v3 v4 v5 v7 v8 v9
v1 v2 v3 v4 v5 v7 v8 v9
v1 v2 v6 v7 v8 v9
v1 v2 v4 v6 v7 v8 v9
v1 v3 v4 v6 v7 v8 v9
v1 v2 v3 v4 v6 v7 v8 v9
v1 v5 v6 v7 v8 v9
v1 v3 v5 v6 v7 v8 v9
v1 v2 v3 v5 v6 v7 v8 v9
v1 v2 v4 v5 v6 v7 v8 v9
v1 v3 v4 v5 v6 v7 v8 v9
v1 v2 v3 v4 v5 v6 v7 v8 v9
